#-----------------------------------------------------------
# Vivado v2019.2 (64-bit)
# SW Build 2708876 on Wed Nov  6 21:40:23 MST 2019
# IP Build 2700528 on Thu Nov  7 00:09:20 MST 2019
# Start of session at: Sun Jun 11 21:00:46 2023
# Process ID: 26056
# Current directory: D:/vivadoprogram/singlecircleCPU/singlecircleCPU
# Command line: vivado.exe -gui_launcher_event rodinguilauncherevent23120 D:\vivadoprogram\singlecircleCPU\singlecircleCPU\singlecircleCPU.xpr
# Log file: D:/vivadoprogram/singlecircleCPU/singlecircleCPU/vivado.log
# Journal file: D:/vivadoprogram/singlecircleCPU/singlecircleCPU\vivado.jou
#-----------------------------------------------------------
start_gui
open_project D:/vivadoprogram/singlecircleCPU/singlecircleCPU/singlecircleCPU.xpr
Scanning sources...
Finished scanning sources
WARNING: [filemgmt 56-3] IP Output Repository Path: Could not find the directory 'D:/vivadoprogram/singlecircleCPU/singlecircleCPU.cache/ip'.
INFO: [IP_Flow 19-234] Refreshing IP repositories
INFO: [IP_Flow 19-1704] No user IP repositories specified
INFO: [IP_Flow 19-2313] Loaded Vivado IP repository 'D:/vivado/Vivado/2019.2/data/ip'.
update_compile_order -fileset sources_1
exit
INFO: [Common 17-206] Exiting Vivado at Sun Jun 11 21:10:36 2023...
