#-----------------------------------------------------------
# Vivado v2019.2 (64-bit)
# SW Build 2708876 on Wed Nov  6 21:40:23 MST 2019
# IP Build 2700528 on Thu Nov  7 00:09:20 MST 2019
# Start of session at: Sun Jun 18 00:06:26 2023
# Process ID: 10936
# Current directory: D:/vivadoprogram/multicycleCPU/multicycleCPUext-IO
# Command line: vivado.exe -gui_launcher_event rodinguilauncherevent10500 D:\vivadoprogram\multicycleCPU\multicycleCPUext-IO\multicycleCPU.xpr
# Log file: D:/vivadoprogram/multicycleCPU/multicycleCPUext-IO/vivado.log
# Journal file: D:/vivadoprogram/multicycleCPU/multicycleCPUext-IO\vivado.jou
#-----------------------------------------------------------
start_gui
open_project D:/vivadoprogram/multicycleCPU/multicycleCPUext-IO/multicycleCPU.xpr
Scanning sources...
Finished scanning sources
INFO: [IP_Flow 19-234] Refreshing IP repositories
INFO: [IP_Flow 19-1704] No user IP repositories specified
INFO: [IP_Flow 19-2313] Loaded Vivado IP repository 'D:/vivado/Vivado/2019.2/data/ip'.
update_compile_order -fileset sources_1
exit
INFO: [Common 17-206] Exiting Vivado at Sun Jun 18 00:12:50 2023...
