#-----------------------------------------------------------
# Vivado v2019.2 (64-bit)
# SW Build 2708876 on Wed Nov  6 21:40:23 MST 2019
# IP Build 2700528 on Thu Nov  7 00:09:20 MST 2019
# Start of session at: Sun Jun 18 00:12:44 2023
# Process ID: 5296
# Current directory: D:/vivadoprogram/singlecircleCPU/singlecircleCPU_IO/singlecircleCPU
# Command line: vivado.exe -gui_launcher_event rodinguilauncherevent3032 D:\vivadoprogram\singlecircleCPU\singlecircleCPU_IO\singlecircleCPU\singlecircleCPU.xpr
# Log file: D:/vivadoprogram/singlecircleCPU/singlecircleCPU_IO/singlecircleCPU/vivado.log
# Journal file: D:/vivadoprogram/singlecircleCPU/singlecircleCPU_IO/singlecircleCPU\vivado.jou
#-----------------------------------------------------------
start_gui
open_project D:/vivadoprogram/singlecircleCPU/singlecircleCPU_IO/singlecircleCPU/singlecircleCPU.xpr
Scanning sources...
Finished scanning sources
INFO: [IP_Flow 19-234] Refreshing IP repositories
INFO: [IP_Flow 19-1704] No user IP repositories specified
INFO: [IP_Flow 19-2313] Loaded Vivado IP repository 'D:/vivado/Vivado/2019.2/data/ip'.
update_compile_order -fileset sources_1
launch_simulation
Command: launch_simulation 
INFO: [Vivado 12-5682] Launching behavioral simulation in 'D:/vivadoprogram/singlecircleCPU/singlecircleCPU_IO/singlecircleCPU/singlecircleCPU.sim/sim_1/behav/xsim'
INFO: [SIM-utils-51] Simulation object is 'sim_1'
INFO: [SIM-utils-54] Inspecting design source files for 'testBench1' in fileset 'sim_1'...
INFO: [SIM-utils-43] Exported 'D:/vivadoprogram/singlecircleCPU/singlecircleCPU_IO/singlecircleCPU/singlecircleCPU.sim/sim_1/behav/xsim/memfile.dat'
INFO: [SIM-utils-43] Exported 'D:/vivadoprogram/singlecircleCPU/singlecircleCPU_IO/singlecircleCPU/singlecircleCPU.sim/sim_1/behav/xsim/memfileExt.dat'
INFO: [SIM-utils-43] Exported 'D:/vivadoprogram/singlecircleCPU/singlecircleCPU_IO/singlecircleCPU/singlecircleCPU.sim/sim_1/behav/xsim/TestIO.dat'
INFO: [USF-XSim-97] Finding global include files...
INFO: [USF-XSim-98] Fetching design files from 'sim_1'...
INFO: [USF-XSim-2] XSim::Compile design
INFO: [USF-XSim-61] Executing 'COMPILE and ANALYZE' step in 'D:/vivadoprogram/singlecircleCPU/singlecircleCPU_IO/singlecircleCPU/singlecircleCPU.sim/sim_1/behav/xsim'
"xvlog --incr --relax -prj testBench1_vlog.prj"
INFO: [USF-XSim-69] 'compile' step finished in '1' seconds
INFO: [USF-XSim-3] XSim::Elaborate design
INFO: [USF-XSim-61] Executing 'ELABORATE' step in 'D:/vivadoprogram/singlecircleCPU/singlecircleCPU_IO/singlecircleCPU/singlecircleCPU.sim/sim_1/behav/xsim'
"xelab -wto 68cdda42d47a4ed08e0c3ba3ba463069 --incr --debug typical --relax --mt 2 -L xil_defaultlib -L unisims_ver -L unimacro_ver -L secureip --snapshot testBench1_behav xil_defaultlib.testBench1 xil_defaultlib.glbl -log elaborate.log"
Vivado Simulator 2019.2
Copyright 1986-1999, 2001-2019 Xilinx, Inc. All Rights Reserved.
Running: D:/vivado/Vivado/2019.2/bin/unwrapped/win64.o/xelab.exe -wto 68cdda42d47a4ed08e0c3ba3ba463069 --incr --debug typical --relax --mt 2 -L xil_defaultlib -L unisims_ver -L unimacro_ver -L secureip --snapshot testBench1_behav xil_defaultlib.testBench1 xil_defaultlib.glbl -log elaborate.log 
Using 2 slave threads.
Starting static elaboration
Pass Through NonSizing Optimizer
Completed static elaboration
INFO: [XSIM 43-4323] No Change in HDL. Linking previously generated obj files to create kernel
INFO: [USF-XSim-69] 'elaborate' step finished in '1' seconds
INFO: [USF-XSim-4] XSim::Simulate design
INFO: [USF-XSim-61] Executing 'SIMULATE' step in 'D:/vivadoprogram/singlecircleCPU/singlecircleCPU_IO/singlecircleCPU/singlecircleCPU.sim/sim_1/behav/xsim'
INFO: [USF-XSim-98] *** Running xsim
   with args "testBench1_behav -key {Behavioral:sim_1:Functional:testBench1} -tclbatch {testBench1.tcl} -log {simulate.log}"
INFO: [USF-XSim-8] Loading simulator feature
Vivado Simulator 2019.2
Time resolution is 1 ps
source testBench1.tcl
# set curr_wave [current_wave_config]
# if { [string length $curr_wave] == 0 } {
#   if { [llength [get_objects]] > 0} {
#     add_wave /
#     set_property needs_save false [current_wave_config]
#   } else {
#      send_msg_id Add_Wave-1 WARNING "No top level signals found. Simulator will start without a wave window. If you want to open a wave window go to 'File->New Waveform Configuration' or type 'create_wave_config' in the TCL console."
#   }
# }
# run 1000ns
INFO: [USF-XSim-96] XSim completed. Design snapshot 'testBench1_behav' loaded.
INFO: [USF-XSim-97] XSim simulation ran for 1000ns
launch_simulation: Time (s): cpu = 00:00:10 ; elapsed = 00:00:07 . Memory (MB): peak = 853.105 ; gain = 56.961
close_sim
INFO: [Simtcl 6-16] Simulation closed
close_sim: Time (s): cpu = 00:00:02 ; elapsed = 00:00:07 . Memory (MB): peak = 989.945 ; gain = 97.578
exit
INFO: [Common 17-206] Exiting Vivado at Sun Jun 18 00:19:25 2023...
